# JRE version: OpenJDK Runtime Environment Temurin-21.0.10+7 (21.0.10+7) (build 21.0.10+7-LTS)
# Java VM: OpenJDK 64-Bit Server VM Temurin-21.0.10+7 (21.0.10+7-LTS, mixed mode, sharing, tiered, compressed oops, compressed class ptrs, g1 gc, windows-amd64)
GC Precious Log:
 CardTable entry size: 512
 Card Set container configuration: InlinePtr #cards 5 size 8 Array Of Cards #cards 12 size 40 Howl #buckets 4 coarsen threshold 1843 Howl Bitmap #cards 512 size 80 coarsen threshold 460 Card regions per heap region 1 cards per card region 2048
 CPUs: 4 total, 4 available
 Memory: 3662M
 Large Page Support: Disabled
 NUMA Support: Disabled
 Compressed Oops: Enabled (32-bit)
 Heap Region Size: 1M
 Heap Min Capacity: 8M
 Heap Initial Capacity: 58M
 Heap Max Capacity: 1536M
 Pre-touch: Disabled
 Parallel Workers: 4
 Concurrent Workers: 1
 Concurrent Refinement Workers: 4
 Periodic GC: Disabled
Heap:
 garbage-first heap   total 391168K, used 169126K [0x00000000a0000000, 0x0000000100000000)
  region size 1024K, 94 young (96256K), 18 survivors (18432K)
 Metaspace       used 82608K, committed 84416K, reserved 1179648K
  class space    used 11168K, committed 12032K, reserved 1048576K
GC Heap History (20 events):
Event: 98.532 GC heap before
{Heap before GC invocations=68 (full 0):
 garbage-first heap   total 391168K, used 295127K [0x00000000a0000000, 0x0000000100000000)
  region size 1024K, 229 young (234496K), 8 survivors (8192K)
 Metaspace       used 60991K, committed 62528K, reserved 1114112K
  class space    used 8231K, committed 8960K, reserved 1048576K
}
Event: 98.540 GC heap after
{Heap after GC invocations=69 (full 0):
 garbage-first heap   total 391168K, used 70931K [0x00000000a0000000, 0x0000000100000000)
  region size 1024K, 10 young (10240K), 10 survivors (10240K)
 Metaspace       used 60991K, committed 62528K, reserved 1114112K
  class space    used 8231K, committed 8960K, reserved 1048576K
}
Event: 101.405 GC heap before
{Heap before GC invocations=69 (full 0):
 garbage-first heap   total 391168K, used 295187K [0x00000000a0000000, 0x0000000100000000)
  region size 1024K, 229 young (234496K), 10 survivors (10240K)
 Metaspace       used 60991K, committed 62528K, reserved 1114112K
  class space    used 8231K, committed 8960K, reserved 1048576K
}
Event: 101.412 GC heap after
{Heap after GC invocations=70 (full 0):
 garbage-first heap   total 391168K, used 71520K [0x00000000a0000000, 0x0000000100000000)
  region size 1024K, 11 young (11264K), 11 survivors (11264K)
 Metaspace       used 60991K, committed 62528K, reserved 1114112K
  class space    used 8231K, committed 8960K, reserved 1048576K
}
Event: 102.281 GC heap before
{Heap before GC invocations=70 (full 0):
 garbage-first heap   total 391168K, used 294752K [0x00000000a0000000, 0x0000000100000000)
  region size 1024K, 229 young (234496K), 11 survivors (11264K)
 Metaspace       used 60991K, committed 62528K, reserved 1114112K
  class space    used 8231K, committed 8960K, reserved 1048576K
}
Event: 102.289 GC heap after
{Heap after GC invocations=71 (full 0):
 garbage-first heap   total 391168K, used 73129K [0x00000000a0000000, 0x0000000100000000)
  region size 1024K, 12 young (12288K), 12 survivors (12288K)
 Metaspace       used 60991K, committed 62528K, reserved 1114112K
  class space    used 8231K, committed 8960K, reserved 1048576K
}
Event: 103.133 GC heap before
{Heap before GC invocations=71 (full 0):
 garbage-first heap   total 391168K, used 296361K [0x00000000a0000000, 0x0000000100000000)
  region size 1024K, 229 young (234496K), 12 survivors (12288K)
 Metaspace       used 61126K, committed 62656K, reserved 1114112K
  class space    used 8257K, committed 9024K, reserved 1048576K
}
Event: 103.136 GC heap after
{Heap after GC invocations=72 (full 0):
 garbage-first heap   total 391168K, used 59866K [0x00000000a0000000, 0x0000000100000000)
  region size 1024K, 2 young (2048K), 2 survivors (2048K)
 Metaspace       used 61126K, committed 62656K, reserved 1114112K
  class space    used 8257K, committed 9024K, reserved 1048576K
}
Event: 104.035 GC heap before
{Heap before GC invocations=72 (full 0):
 garbage-first heap   total 391168K, used 295386K [0x00000000a0000000, 0x0000000100000000)
  region size 1024K, 229 young (234496K), 2 survivors (2048K)
 Metaspace       used 61156K, committed 62656K, reserved 1114112K
  class space    used 8261K, committed 9024K, reserved 1048576K
}
Event: 104.037 GC heap after
{Heap after GC invocations=73 (full 0):
 garbage-first heap   total 391168K, used 57491K [0x00000000a0000000, 0x0000000100000000)
  region size 1024K, 1 young (1024K), 1 survivors (1024K)
 Metaspace       used 61156K, committed 62656K, reserved 1114112K
  class space    used 8261K, committed 9024K, reserved 1048576K
}
Event: 105.651 GC heap before
{Heap before GC invocations=73 (full 0):
 garbage-first heap   total 391168K, used 291987K [0x00000000a0000000, 0x0000000100000000)
  region size 1024K, 229 young (234496K), 1 survivors (1024K)
 Metaspace       used 61175K, committed 62720K, reserved 1114112K
  class space    used 8261K, committed 9024K, reserved 1048576K
}
Event: 105.653 GC heap after
{Heap after GC invocations=74 (full 0):
 garbage-first heap   total 391168K, used 57244K [0x00000000a0000000, 0x0000000100000000)
  region size 1024K, 1 young (1024K), 1 survivors (1024K)
 Metaspace       used 61175K, committed 62720K, reserved 1114112K
  class space    used 8261K, committed 9024K, reserved 1048576K
}
Event: 106.388 GC heap before
{Heap before GC invocations=74 (full 0):
 garbage-first heap   total 391168K, used 294812K [0x00000000a0000000, 0x0000000100000000)
  region size 1024K, 229 young (234496K), 1 survivors (1024K)
 Metaspace       used 61177K, committed 62720K, reserved 1114112K
  class space    used 8261K, committed 9024K, reserved 1048576K
}
Event: 106.392 GC heap after
{Heap after GC invocations=75 (full 0):
 garbage-first heap   total 391168K, used 63654K [0x00000000a0000000, 0x0000000100000000)
  region size 1024K, 3 young (3072K), 3 survivors (3072K)
 Metaspace       used 61177K, committed 62720K, reserved 1114112K
  class space    used 8261K, committed 9024K, reserved 1048576K
}
Event: 107.950 GC heap before
{Heap before GC invocations=75 (full 0):
 garbage-first heap   total 391168K, used 295078K [0x00000000a0000000, 0x0000000100000000)
  region size 1024K, 229 young (234496K), 3 survivors (3072K)
 Metaspace       used 61180K, committed 62720K, reserved 1114112K
  class space    used 8261K, committed 9024K, reserved 1048576K
}
Event: 107.952 GC heap after
{Heap after GC invocations=76 (full 0):
 garbage-first heap   total 391168K, used 57259K [0x00000000a0000000, 0x0000000100000000)
  region size 1024K, 1 young (1024K), 1 survivors (1024K)
 Metaspace       used 61180K, committed 62720K, reserved 1114112K
  class space    used 8261K, committed 9024K, reserved 1048576K
}
Event: 109.262 GC heap before
{Heap before GC invocations=76 (full 0):
 garbage-first heap   total 391168K, used 290731K [0x00000000a0000000, 0x0000000100000000)
  region size 1024K, 229 young (234496K), 1 survivors (1024K)
 Metaspace       used 61184K, committed 62720K, reserved 1114112K
  class space    used 8261K, committed 9024K, reserved 1048576K
}
Event: 109.264 GC heap after
{Heap after GC invocations=77 (full 0):
 garbage-first heap   total 391168K, used 57104K [0x00000000a0000000, 0x0000000100000000)
  region size 1024K, 1 young (1024K), 1 survivors (1024K)
 Metaspace       used 61184K, committed 62720K, reserved 1114112K
  class space    used 8261K, committed 9024K, reserved 1048576K
}
Event: 139.134 GC heap before
{Heap before GC invocations=77 (full 0):
 garbage-first heap   total 391168K, used 310032K [0x00000000a0000000, 0x0000000100000000)
  region size 1024K, 229 young (234496K), 1 survivors (1024K)
 Metaspace       used 75129K, committed 76864K, reserved 1179648K
  class space    used 10130K, committed 11008K, reserved 1048576K
}
Event: 139.260 GC heap after
{Heap after GC invocations=78 (full 0):
 garbage-first heap   total 391168K, used 88230K [0x00000000a0000000, 0x0000000100000000)
  region size 1024K, 18 young (18432K), 18 survivors (18432K)
 Metaspace       used 75129K, committed 76864K, reserved 1179648K
  class space    used 10130K, committed 11008K, reserved 1048576K
}

