# JRE version: Java(TM) SE Runtime Environment (17.0.10+11) (build 17.0.10+11-LTS-240)
# Java VM: Java HotSpot(TM) 64-Bit Server VM (17.0.10+11-LTS-240, mixed mode, sharing, tiered, compressed oops, compressed class ptrs, g1 gc, windows-amd64)
GC Precious Log:
 CPUs: 4 total, 4 available
 Memory: 3662M
 Large Page Support: Disabled
 NUMA Support: Disabled
 Compressed Oops: Enabled (Zero based)
 Heap Region Size: 2M
 Heap Min Capacity: 8M
 Heap Initial Capacity: 58M
 Heap Max Capacity: 4G
 Pre-touch: Disabled
 Parallel Workers: 4
 Concurrent Workers: 1
 Concurrent Refinement Workers: 4
 Periodic GC: Disabled
Heap:
 garbage-first heap   total 59392K, used 34549K [0x0000000700000000, 0x0000000800000000)
  region size 2048K, 6 young (12288K), 2 survivors (4096K)
 Metaspace       used 24578K, committed 25024K, reserved 917504K
  class space    used 3591K, committed 3840K, reserved 851968K
GC Heap History (20 events):
Event: 2.835 GC heap before
{Heap before GC invocations=1 (full 0):
 garbage-first heap   total 59392K, used 21735K [0x0000000700000000, 0x0000000800000000)
  region size 2048K, 9 young (18432K), 1 survivors (2048K)
 Metaspace       used 1600K, committed 1728K, reserved 917504K
  class space    used 139K, committed 192K, reserved 851968K
}
Event: 2.842 GC heap after
{Heap after GC invocations=2 (full 0):
 garbage-first heap   total 59392K, used 10110K [0x0000000700000000, 0x0000000800000000)
  region size 2048K, 2 young (4096K), 2 survivors (4096K)
 Metaspace       used 1600K, committed 1728K, reserved 917504K
  class space    used 139K, committed 192K, reserved 851968K
}
Event: 7.957 GC heap before
{Heap before GC invocations=2 (full 0):
 garbage-first heap   total 59392K, used 40830K [0x0000000700000000, 0x0000000800000000)
  region size 2048K, 17 young (34816K), 2 survivors (4096K)
 Metaspace       used 4421K, committed 4608K, reserved 917504K
  class space    used 541K, committed 640K, reserved 851968K
}
Event: 7.971 GC heap after
{Heap after GC invocations=3 (full 0):
 garbage-first heap   total 59392K, used 11497K [0x0000000700000000, 0x0000000800000000)
  region size 2048K, 1 young (2048K), 1 survivors (2048K)
 Metaspace       used 4421K, committed 4608K, reserved 917504K
  class space    used 541K, committed 640K, reserved 851968K
}
Event: 10.636 GC heap before
{Heap before GC invocations=3 (full 0):
 garbage-first heap   total 59392K, used 40169K [0x0000000700000000, 0x0000000800000000)
  region size 2048K, 15 young (30720K), 1 survivors (2048K)
 Metaspace       used 4459K, committed 4608K, reserved 917504K
  class space    used 541K, committed 640K, reserved 851968K
}
Event: 10.641 GC heap after
{Heap after GC invocations=4 (full 0):
 garbage-first heap   total 59392K, used 12553K [0x0000000700000000, 0x0000000800000000)
  region size 2048K, 2 young (4096K), 2 survivors (4096K)
 Metaspace       used 4459K, committed 4608K, reserved 917504K
  class space    used 541K, committed 640K, reserved 851968K
}
Event: 14.026 GC heap before
{Heap before GC invocations=4 (full 0):
 garbage-first heap   total 59392K, used 41225K [0x0000000700000000, 0x0000000800000000)
  region size 2048K, 16 young (32768K), 2 survivors (4096K)
 Metaspace       used 7157K, committed 7424K, reserved 917504K
  class space    used 957K, committed 1088K, reserved 851968K
}
Event: 14.034 GC heap after
{Heap after GC invocations=5 (full 0):
 garbage-first heap   total 59392K, used 17941K [0x0000000700000000, 0x0000000800000000)
  region size 2048K, 2 young (4096K), 2 survivors (4096K)
 Metaspace       used 7157K, committed 7424K, reserved 917504K
  class space    used 957K, committed 1088K, reserved 851968K
}
Event: 20.887 GC heap before
{Heap before GC invocations=5 (full 0):
 garbage-first heap   total 59392K, used 40469K [0x0000000700000000, 0x0000000800000000)
  region size 2048K, 14 young (28672K), 2 survivors (4096K)
 Metaspace       used 12840K, committed 13120K, reserved 917504K
  class space    used 1708K, committed 1856K, reserved 851968K
}
Event: 20.920 GC heap after
{Heap after GC invocations=6 (full 0):
 garbage-first heap   total 59392K, used 20633K [0x0000000700000000, 0x0000000800000000)
  region size 2048K, 2 young (4096K), 2 survivors (4096K)
 Metaspace       used 12840K, committed 13120K, reserved 917504K
  class space    used 1708K, committed 1856K, reserved 851968K
}
Event: 23.858 GC heap before
{Heap before GC invocations=6 (full 0):
 garbage-first heap   total 59392K, used 39065K [0x0000000700000000, 0x0000000800000000)
  region size 2048K, 12 young (24576K), 2 survivors (4096K)
 Metaspace       used 15954K, committed 16256K, reserved 917504K
  class space    used 2200K, committed 2304K, reserved 851968K
}
Event: 23.862 GC heap after
{Heap after GC invocations=7 (full 0):
 garbage-first heap   total 59392K, used 21865K [0x0000000700000000, 0x0000000800000000)
  region size 2048K, 1 young (2048K), 1 survivors (2048K)
 Metaspace       used 15954K, committed 16256K, reserved 917504K
  class space    used 2200K, committed 2304K, reserved 851968K
}
Event: 25.247 GC heap before
{Heap before GC invocations=7 (full 0):
 garbage-first heap   total 59392K, used 42345K [0x0000000700000000, 0x0000000800000000)
  region size 2048K, 11 young (22528K), 1 survivors (2048K)
 Metaspace       used 18465K, committed 18752K, reserved 917504K
  class space    used 2642K, committed 2752K, reserved 851968K
}
Event: 25.252 GC heap after
{Heap after GC invocations=8 (full 0):
 garbage-first heap   total 59392K, used 22922K [0x0000000700000000, 0x0000000800000000)
  region size 2048K, 2 young (4096K), 2 survivors (4096K)
 Metaspace       used 18465K, committed 18752K, reserved 917504K
  class space    used 2642K, committed 2752K, reserved 851968K
}
Event: 26.112 GC heap before
{Heap before GC invocations=8 (full 0):
 garbage-first heap   total 59392K, used 43402K [0x0000000700000000, 0x0000000800000000)
  region size 2048K, 12 young (24576K), 2 survivors (4096K)
 Metaspace       used 20744K, committed 21120K, reserved 917504K
  class space    used 3006K, committed 3200K, reserved 851968K
}
Event: 26.119 GC heap after
{Heap after GC invocations=9 (full 0):
 garbage-first heap   total 59392K, used 24435K [0x0000000700000000, 0x0000000800000000)
  region size 2048K, 2 young (4096K), 2 survivors (4096K)
 Metaspace       used 20744K, committed 21120K, reserved 917504K
  class space    used 3006K, committed 3200K, reserved 851968K
}
Event: 26.423 GC heap before
{Heap before GC invocations=9 (full 0):
 garbage-first heap   total 59392K, used 26483K [0x0000000700000000, 0x0000000800000000)
  region size 2048K, 4 young (8192K), 2 survivors (4096K)
 Metaspace       used 21141K, committed 21504K, reserved 917504K
  class space    used 3062K, committed 3264K, reserved 851968K
}
Event: 26.438 GC heap after
{Heap after GC invocations=10 (full 0):
 garbage-first heap   total 59392K, used 24740K [0x0000000700000000, 0x0000000800000000)
  region size 2048K, 1 young (2048K), 1 survivors (2048K)
 Metaspace       used 21141K, committed 21504K, reserved 917504K
  class space    used 3062K, committed 3264K, reserved 851968K
}
Event: 29.026 GC heap before
{Heap before GC invocations=11 (full 0):
 garbage-first heap   total 59392K, used 43172K [0x0000000700000000, 0x0000000800000000)
  region size 2048K, 11 young (22528K), 1 survivors (2048K)
 Metaspace       used 23647K, committed 24064K, reserved 917504K
  class space    used 3466K, committed 3648K, reserved 851968K
}
Event: 29.061 GC heap after
{Heap after GC invocations=12 (full 0):
 garbage-first heap   total 59392K, used 28405K [0x0000000700000000, 0x0000000800000000)
  region size 2048K, 2 young (4096K), 2 survivors (4096K)
 Metaspace       used 23647K, committed 24064K, reserved 917504K
  class space    used 3466K, committed 3648K, reserved 851968K
}

