# JRE version: Java(TM) SE Runtime Environment (17.0.10+11) (build 17.0.10+11-LTS-240)
# Java VM: Java HotSpot(TM) 64-Bit Server VM (17.0.10+11-LTS-240, mixed mode, sharing, tiered, compressed oops, compressed class ptrs, g1 gc, windows-amd64)
GC Precious Log:
 CPUs: 4 total, 4 available
 Memory: 3662M
 Large Page Support: Disabled
 NUMA Support: Disabled
 Compressed Oops: Enabled (32-bit)
 Heap Region Size: 1M
 Heap Min Capacity: 8M
 Heap Initial Capacity: 58M
 Heap Max Capacity: 1G
 Pre-touch: Disabled
 Parallel Workers: 4
 Concurrent Workers: 1
 Concurrent Refinement Workers: 4
 Periodic GC: Disabled
Heap:
 garbage-first heap   total 180224K, used 106316K [0x00000000c0000000, 0x0000000100000000)
  region size 1024K, 56 young (57344K), 6 survivors (6144K)
 Metaspace       used 49125K, committed 49728K, reserved 278528K
  class space    used 6756K, committed 7040K, reserved 212992K
GC Heap History (20 events):
Event: 82.757 GC heap before
{Heap before GC invocations=28 (full 0):
 garbage-first heap   total 86016K, used 67026K [0x00000000c0000000, 0x0000000100000000)
  region size 1024K, 30 young (30720K), 3 survivors (3072K)
 Metaspace       used 42626K, committed 43072K, reserved 278528K
  class space    used 5887K, committed 6080K, reserved 212992K
}
Event: 82.765 GC heap after
{Heap after GC invocations=29 (full 0):
 garbage-first heap   total 86016K, used 41376K [0x00000000c0000000, 0x0000000100000000)
  region size 1024K, 4 young (4096K), 4 survivors (4096K)
 Metaspace       used 42626K, committed 43072K, reserved 278528K
  class space    used 5887K, committed 6080K, reserved 212992K
}
Event: 82.902 GC heap before
{Heap before GC invocations=29 (full 0):
 garbage-first heap   total 86016K, used 68000K [0x00000000c0000000, 0x0000000100000000)
  region size 1024K, 30 young (30720K), 4 survivors (4096K)
 Metaspace       used 42627K, committed 43072K, reserved 278528K
  class space    used 5887K, committed 6080K, reserved 212992K
}
Event: 82.919 GC heap after
{Heap after GC invocations=30 (full 0):
 garbage-first heap   total 86016K, used 42336K [0x00000000c0000000, 0x0000000100000000)
  region size 1024K, 2 young (2048K), 2 survivors (2048K)
 Metaspace       used 42627K, committed 43072K, reserved 278528K
  class space    used 5887K, committed 6080K, reserved 212992K
}
Event: 83.302 GC heap before
{Heap before GC invocations=31 (full 0):
 garbage-first heap   total 89088K, used 68960K [0x00000000c0000000, 0x0000000100000000)
  region size 1024K, 28 young (28672K), 2 survivors (2048K)
 Metaspace       used 42631K, committed 43072K, reserved 278528K
  class space    used 5887K, committed 6080K, reserved 212992K
}
Event: 83.309 GC heap after
{Heap after GC invocations=32 (full 0):
 garbage-first heap   total 89088K, used 43369K [0x00000000c0000000, 0x0000000100000000)
  region size 1024K, 3 young (3072K), 3 survivors (3072K)
 Metaspace       used 42631K, committed 43072K, reserved 278528K
  class space    used 5887K, committed 6080K, reserved 212992K
}
Event: 83.668 GC heap before
{Heap before GC invocations=32 (full 0):
 garbage-first heap   total 89088K, used 72041K [0x00000000c0000000, 0x0000000100000000)
  region size 1024K, 31 young (31744K), 3 survivors (3072K)
 Metaspace       used 42642K, committed 43072K, reserved 278528K
  class space    used 5887K, committed 6080K, reserved 212992K
}
Event: 83.684 GC heap after
{Heap after GC invocations=33 (full 0):
 garbage-first heap   total 89088K, used 45262K [0x00000000c0000000, 0x0000000100000000)
  region size 1024K, 4 young (4096K), 4 survivors (4096K)
 Metaspace       used 42642K, committed 43072K, reserved 278528K
  class space    used 5887K, committed 6080K, reserved 212992K
}
Event: 90.428 GC heap before
{Heap before GC invocations=34 (full 0):
 garbage-first heap   total 89088K, used 72910K [0x00000000c0000000, 0x0000000100000000)
  region size 1024K, 31 young (31744K), 4 survivors (4096K)
 Metaspace       used 42933K, committed 43392K, reserved 278528K
  class space    used 5911K, committed 6144K, reserved 212992K
}
Event: 90.433 GC heap after
{Heap after GC invocations=35 (full 0):
 garbage-first heap   total 89088K, used 46527K [0x00000000c0000000, 0x0000000100000000)
  region size 1024K, 3 young (3072K), 3 survivors (3072K)
 Metaspace       used 42933K, committed 43392K, reserved 278528K
  class space    used 5911K, committed 6144K, reserved 212992K
}
Event: 90.474 GC heap before
{Heap before GC invocations=35 (full 0):
 garbage-first heap   total 89088K, used 47551K [0x00000000c0000000, 0x0000000100000000)
  region size 1024K, 4 young (4096K), 3 survivors (3072K)
 Metaspace       used 42976K, committed 43392K, reserved 278528K
  class space    used 5912K, committed 6144K, reserved 212992K
}
Event: 90.479 GC heap after
{Heap after GC invocations=36 (full 0):
 garbage-first heap   total 89088K, used 46464K [0x00000000c0000000, 0x0000000100000000)
  region size 1024K, 1 young (1024K), 1 survivors (1024K)
 Metaspace       used 42976K, committed 43392K, reserved 278528K
  class space    used 5912K, committed 6144K, reserved 212992K
}
Event: 92.999 GC heap before
{Heap before GC invocations=36 (full 0):
 garbage-first heap   total 89088K, used 73088K [0x00000000c0000000, 0x0000000100000000)
  region size 1024K, 27 young (27648K), 1 survivors (1024K)
 Metaspace       used 43405K, committed 43840K, reserved 278528K
  class space    used 5935K, committed 6144K, reserved 212992K
}
Event: 93.004 GC heap after
{Heap after GC invocations=37 (full 0):
 garbage-first heap   total 89088K, used 48336K [0x00000000c0000000, 0x0000000100000000)
  region size 1024K, 3 young (3072K), 3 survivors (3072K)
 Metaspace       used 43405K, committed 43840K, reserved 278528K
  class space    used 5935K, committed 6144K, reserved 212992K
}
Event: 93.197 GC heap before
{Heap before GC invocations=38 (full 0):
 garbage-first heap   total 92160K, used 72912K [0x00000000c0000000, 0x0000000100000000)
  region size 1024K, 27 young (27648K), 3 survivors (3072K)
 Metaspace       used 43405K, committed 43840K, reserved 278528K
  class space    used 5935K, committed 6144K, reserved 212992K
}
Event: 93.206 GC heap after
{Heap after GC invocations=39 (full 0):
 garbage-first heap   total 92160K, used 50557K [0x00000000c0000000, 0x0000000100000000)
  region size 1024K, 3 young (3072K), 3 survivors (3072K)
 Metaspace       used 43405K, committed 43840K, reserved 278528K
  class space    used 5935K, committed 6144K, reserved 212992K
}
Event: 93.209 GC heap before
{Heap before GC invocations=39 (full 0):
 garbage-first heap   total 92160K, used 51581K [0x00000000c0000000, 0x0000000100000000)
  region size 1024K, 4 young (4096K), 3 survivors (3072K)
 Metaspace       used 43405K, committed 43840K, reserved 278528K
  class space    used 5935K, committed 6144K, reserved 212992K
}
Event: 93.215 GC heap after
{Heap after GC invocations=40 (full 0):
 garbage-first heap   total 180224K, used 50537K [0x00000000c0000000, 0x0000000100000000)
  region size 1024K, 1 young (1024K), 1 survivors (1024K)
 Metaspace       used 43405K, committed 43840K, reserved 278528K
  class space    used 5935K, committed 6144K, reserved 212992K
}
Event: 102.467 GC heap before
{Heap before GC invocations=40 (full 0):
 garbage-first heap   total 180224K, used 147817K [0x00000000c0000000, 0x0000000100000000)
  region size 1024K, 95 young (97280K), 1 survivors (1024K)
 Metaspace       used 45893K, committed 46528K, reserved 278528K
  class space    used 6262K, committed 6528K, reserved 212992K
}
Event: 102.506 GC heap after
{Heap after GC invocations=41 (full 0):
 garbage-first heap   total 180224K, used 57164K [0x00000000c0000000, 0x0000000100000000)
  region size 1024K, 6 young (6144K), 6 survivors (6144K)
 Metaspace       used 45893K, committed 46528K, reserved 278528K
  class space    used 6262K, committed 6528K, reserved 212992K
}

