# JRE version: OpenJDK Runtime Environment Temurin-21.0.10+7 (21.0.10+7) (build 21.0.10+7-LTS)
# Java VM: OpenJDK 64-Bit Server VM Temurin-21.0.10+7 (21.0.10+7-LTS, mixed mode, sharing, tiered, compressed oops, compressed class ptrs, g1 gc, windows-amd64)
GC Precious Log:
 CardTable entry size: 512
 Card Set container configuration: InlinePtr #cards 4 size 8 Array Of Cards #cards 16 size 48 Howl #buckets 8 coarsen threshold 3686 Howl Bitmap #cards 512 size 80 coarsen threshold 460 Card regions per heap region 1 cards per card region 4096
 CPUs: 4 total, 4 available
 Memory: 3662M
 Large Page Support: Disabled
 NUMA Support: Disabled
 Compressed Oops: Enabled (Zero based)
 Heap Region Size: 2M
 Heap Min Capacity: 8M
 Heap Initial Capacity: 58M
 Heap Max Capacity: 4G
 Pre-touch: Disabled
 Parallel Workers: 4
 Concurrent Workers: 1
 Concurrent Refinement Workers: 4
 Periodic GC: Disabled
Heap:
 garbage-first heap   total 88064K, used 42064K [0x0000000700000000, 0x0000000800000000)
  region size 2048K, 3 young (6144K), 2 survivors (4096K)
 Metaspace       used 55975K, committed 57856K, reserved 917504K
  class space    used 8204K, committed 9152K, reserved 851968K
GC Heap History (20 events):
Event: 27.502 GC heap before
{Heap before GC invocations=10 (full 0):
 garbage-first heap   total 59392K, used 49570K [0x0000000700000000, 0x0000000800000000)
  region size 2048K, 14 young (28672K), 2 survivors (4096K)
 Metaspace       used 27021K, committed 28096K, reserved 917504K
  class space    used 4106K, committed 4608K, reserved 851968K
}
Event: 27.508 GC heap after
{Heap after GC invocations=11 (full 0):
 garbage-first heap   total 59392K, used 25850K [0x0000000700000000, 0x0000000800000000)
  region size 2048K, 2 young (4096K), 2 survivors (4096K)
 Metaspace       used 27021K, committed 28096K, reserved 917504K
  class space    used 4106K, committed 4608K, reserved 851968K
}
Event: 29.275 GC heap before
{Heap before GC invocations=11 (full 0):
 garbage-first heap   total 59392K, used 48378K [0x0000000700000000, 0x0000000800000000)
  region size 2048K, 13 young (26624K), 2 survivors (4096K)
 Metaspace       used 32058K, committed 33152K, reserved 917504K
  class space    used 4694K, committed 5248K, reserved 851968K
}
Event: 29.280 GC heap after
{Heap after GC invocations=12 (full 0):
 garbage-first heap   total 59392K, used 28429K [0x0000000700000000, 0x0000000800000000)
  region size 2048K, 2 young (4096K), 2 survivors (4096K)
 Metaspace       used 32058K, committed 33152K, reserved 917504K
  class space    used 4694K, committed 5248K, reserved 851968K
}
Event: 29.553 GC heap before
{Heap before GC invocations=12 (full 0):
 garbage-first heap   total 59392K, used 50957K [0x0000000700000000, 0x0000000800000000)
  region size 2048K, 13 young (26624K), 2 survivors (4096K)
 Metaspace       used 33592K, committed 34688K, reserved 917504K
  class space    used 4861K, committed 5376K, reserved 851968K
}
Event: 29.559 GC heap after
{Heap after GC invocations=13 (full 0):
 garbage-first heap   total 59392K, used 30939K [0x0000000700000000, 0x0000000800000000)
  region size 2048K, 2 young (4096K), 2 survivors (4096K)
 Metaspace       used 33592K, committed 34688K, reserved 917504K
  class space    used 4861K, committed 5376K, reserved 851968K
}
Event: 30.079 GC heap before
{Heap before GC invocations=13 (full 0):
 garbage-first heap   total 59392K, used 41179K [0x0000000700000000, 0x0000000800000000)
  region size 2048K, 8 young (16384K), 2 survivors (4096K)
 Metaspace       used 34910K, committed 36096K, reserved 917504K
  class space    used 5085K, committed 5696K, reserved 851968K
}
Event: 30.082 GC heap after
{Heap after GC invocations=14 (full 0):
 garbage-first heap   total 59392K, used 31293K [0x0000000700000000, 0x0000000800000000)
  region size 2048K, 1 young (2048K), 1 survivors (2048K)
 Metaspace       used 34910K, committed 36096K, reserved 917504K
  class space    used 5085K, committed 5696K, reserved 851968K
}
Event: 30.581 GC heap before
{Heap before GC invocations=15 (full 0):
 garbage-first heap   total 59392K, used 51773K [0x0000000700000000, 0x0000000800000000)
  region size 2048K, 10 young (20480K), 1 survivors (2048K)
 Metaspace       used 37102K, committed 38400K, reserved 917504K
  class space    used 5324K, committed 5952K, reserved 851968K
}
Event: 30.586 GC heap after
{Heap after GC invocations=16 (full 0):
 garbage-first heap   total 59392K, used 32939K [0x0000000700000000, 0x0000000800000000)
  region size 2048K, 2 young (4096K), 2 survivors (4096K)
 Metaspace       used 37102K, committed 38400K, reserved 917504K
  class space    used 5324K, committed 5952K, reserved 851968K
}
Event: 31.181 GC heap before
{Heap before GC invocations=16 (full 0):
 garbage-first heap   total 59392K, used 51371K [0x0000000700000000, 0x0000000800000000)
  region size 2048K, 11 young (22528K), 2 survivors (4096K)
 Metaspace       used 38181K, committed 39488K, reserved 917504K
  class space    used 5509K, committed 6144K, reserved 851968K
}
Event: 31.192 GC heap after
{Heap after GC invocations=17 (full 0):
 garbage-first heap   total 88064K, used 34642K [0x0000000700000000, 0x0000000800000000)
  region size 2048K, 2 young (4096K), 2 survivors (4096K)
 Metaspace       used 38181K, committed 39488K, reserved 917504K
  class space    used 5509K, committed 6144K, reserved 851968K
}
Event: 32.016 GC heap before
{Heap before GC invocations=17 (full 0):
 garbage-first heap   total 88064K, used 73554K [0x0000000700000000, 0x0000000800000000)
  region size 2048K, 22 young (45056K), 2 survivors (4096K)
 Metaspace       used 41593K, committed 43008K, reserved 917504K
  class space    used 6079K, committed 6784K, reserved 851968K
}
Event: 32.023 GC heap after
{Heap after GC invocations=18 (full 0):
 garbage-first heap   total 88064K, used 36864K [0x0000000700000000, 0x0000000800000000)
  region size 2048K, 2 young (4096K), 2 survivors (4096K)
 Metaspace       used 41593K, committed 43008K, reserved 917504K
  class space    used 6079K, committed 6784K, reserved 851968K
}
Event: 33.564 GC heap before
{Heap before GC invocations=18 (full 0):
 garbage-first heap   total 88064K, used 79872K [0x0000000700000000, 0x0000000800000000)
  region size 2048K, 23 young (47104K), 2 survivors (4096K)
 Metaspace       used 46761K, committed 48448K, reserved 917504K
  class space    used 6901K, committed 7744K, reserved 851968K
}
Event: 33.573 GC heap after
{Heap after GC invocations=19 (full 0):
 garbage-first heap   total 88064K, used 38483K [0x0000000700000000, 0x0000000800000000)
  region size 2048K, 2 young (4096K), 2 survivors (4096K)
 Metaspace       used 46761K, committed 48448K, reserved 917504K
  class space    used 6901K, committed 7744K, reserved 851968K
}
Event: 35.116 GC heap before
{Heap before GC invocations=19 (full 0):
 garbage-first heap   total 88064K, used 79443K [0x0000000700000000, 0x0000000800000000)
  region size 2048K, 22 young (45056K), 2 survivors (4096K)
 Metaspace       used 51443K, committed 53248K, reserved 917504K
  class space    used 7603K, committed 8512K, reserved 851968K
}
Event: 35.123 GC heap after
{Heap after GC invocations=20 (full 0):
 garbage-first heap   total 88064K, used 40324K [0x0000000700000000, 0x0000000800000000)
  region size 2048K, 2 young (4096K), 2 survivors (4096K)
 Metaspace       used 51443K, committed 53248K, reserved 917504K
  class space    used 7603K, committed 8512K, reserved 851968K
}
Event: 37.623 GC heap before
{Heap before GC invocations=20 (full 0):
 garbage-first heap   total 88064K, used 79236K [0x0000000700000000, 0x0000000800000000)
  region size 2048K, 21 young (43008K), 2 survivors (4096K)
 Metaspace       used 55909K, committed 57792K, reserved 917504K
  class space    used 8197K, committed 9152K, reserved 851968K
}
Event: 37.632 GC heap after
{Heap after GC invocations=21 (full 0):
 garbage-first heap   total 88064K, used 42064K [0x0000000700000000, 0x0000000800000000)
  region size 2048K, 2 young (4096K), 2 survivors (4096K)
 Metaspace       used 55909K, committed 57792K, reserved 917504K
  class space    used 8197K, committed 9152K, reserved 851968K
}

